<?xml version="1.0" encoding="UTF-8"?>
<testsuite xmlns:xsi="http://www.w3.org/2001/XMLSchema-instance" xsi:noNamespaceSchemaLocation="https://maven.apache.org/surefire/maven-surefire-plugin/xsd/surefire-test-report-3.0.xsd" version="3.0" name="com.tadigital.productintegration.ProductintegrationApplicationTests" time="3.558" tests="1" errors="0" skipped="0" failures="0">
  <properties>
[...]
</properties>
  <testcase name="contextLoads" classname="com.tadigital.productintegration.ProductintegrationApplicationTests" time="0.906">
    <system-out><![CDATA[12:24:54.014 [main] INFO org.springframework.test.context.support.AnnotationConfigContextLoaderUtils -- Could not detect default configuration classes for test class [com.tadigital.productintegration.ProductintegrationApplicationTests]: ProductintegrationApplicationTests does not declare any static, non-private, non-final, nested classes annotated with @Configuration.
12:24:54.185 [main] INFO org.springframework.boot.test.context.SpringBootTestContextBootstrapper -- Found @SpringBootConfiguration com.tadigital.productintegration.ProductintegrationApplication for test class com.tadigital.productintegration.ProductintegrationApplicationTests

  .   ____          _            __ _ _
 /\\ / ___'_ __ _ _(_)_ __  __ _ \ \ \ \
( ( )\___ | '_ | '_| | '_ \/ _` | \ \ \ \
 \\/  ___)| |_)| | | | | || (_| |  ) ) ) )
  '  |____| .__|_| |_|_| |_\__, | / / / /
 =========|_|==============|___/=/_/_/_/
 :: Spring Boot ::                (v3.1.5)

2023-12-18T12:24:54.782+05:30  WARN 56223 --- [           main] ory$DuplicateJsonObjectContextCustomizer : 

Found multiple occurrences of org.json.JSONObject on the class path:

	jar:file:/Users/rohitsaxena/.m2/repository/com/vaadin/external/google/android-json/0.0.20131108.vaadin1/android-json-0.0.20131108.vaadin1.jar!/org/json/JSONObject.class
	jar:file:/Users/rohitsaxena/.m2/repository/org/json/json/20230618/json-20230618.jar!/org/json/JSONObject.class

You may wish to exclude one of them to ensure predictable runtime behavior

2023-12-18T12:24:54.802+05:30  INFO 56223 --- [           main] c.t.p.ProductintegrationApplicationTests : Starting ProductintegrationApplicationTests using Java 17.0.1 with PID 56223 (started by rohitsaxena in /Users/rohitsaxena/Downloads/productintegration)
2023-12-18T12:24:54.803+05:30  INFO 56223 --- [           main] c.t.p.ProductintegrationApplicationTests : No active profile set, falling back to 1 default profile: "default"
2023-12-18T12:24:55.573+05:30  INFO 56223 --- [           main] c.t.p.client.CommercetoolsClient         : Initializing Commercetools Client...
2023-12-18T12:24:55.972+05:30  INFO 56223 --- [           main] c.t.p.client.CommercetoolsClient         : Commercetools Client initialized.
2023-12-18T12:24:56.411+05:30  INFO 56223 --- [           main] c.t.p.ProductintegrationApplicationTests : Started ProductintegrationApplicationTests in 1.955 seconds (process running for 3.433)
]]></system-out>
  </testcase>
</testsuite>